# JRE version: OpenJDK Runtime Environment (17.0.7) (build 17.0.7+0-b2043.56-10550314)
# Java VM: OpenJDK 64-Bit Server VM (17.0.7+0-b2043.56-10550314, mixed mode, tiered, compressed oops, compressed class ptrs, g1 gc, windows-amd64)
GC Precious Log:
 CPUs: 12 total, 12 available
 Memory: 7967M
 Large Page Support: Disabled
 NUMA Support: Disabled
 Compressed Oops: Enabled (32-bit)
 Heap Region Size: 1M
 Heap Min Capacity: 8M
 Heap Initial Capacity: 126M
 Heap Max Capacity: 2G
 Pre-touch: Disabled
 Parallel Workers: 10
 Concurrent Workers: 3
 Concurrent Refinement Workers: 10
 Periodic GC: Disabled
Heap:
 garbage-first heap   total 393216K, used 256680K [0x0000000080000000, 0x0000000100000000)
  region size 1024K, 13 young (13312K), 13 survivors (13312K)
 Metaspace       used 140792K, committed 142016K, reserved 1179648K
  class space    used 19288K, committed 19904K, reserved 1048576K
GC Heap History (20 events):
Event: 35.218 GC heap after
{Heap after GC invocations=58 (full 0):
 garbage-first heap   total 307200K, used 190585K [0x0000000080000000, 0x0000000100000000)
  region size 1024K, 2 young (2048K), 2 survivors (2048K)
 Metaspace       used 104605K, committed 105408K, reserved 1179648K
  class space    used 14378K, committed 14784K, reserved 1048576K
}
Event: 37.033 GC heap before
{Heap before GC invocations=58 (full 0):
 garbage-first heap   total 307200K, used 253049K [0x0000000080000000, 0x0000000100000000)
  region size 1024K, 63 young (64512K), 2 survivors (2048K)
 Metaspace       used 110753K, committed 111616K, reserved 1179648K
  class space    used 15242K, committed 15616K, reserved 1048576K
}
Event: 37.040 GC heap after
{Heap after GC invocations=59 (full 0):
 garbage-first heap   total 307200K, used 192698K [0x0000000080000000, 0x0000000100000000)
  region size 1024K, 4 young (4096K), 4 survivors (4096K)
 Metaspace       used 110753K, committed 111616K, reserved 1179648K
  class space    used 15242K, committed 15616K, reserved 1048576K
}
Event: 37.272 GC heap before
{Heap before GC invocations=59 (full 0):
 garbage-first heap   total 307200K, used 203962K [0x0000000080000000, 0x0000000100000000)
  region size 1024K, 16 young (16384K), 4 survivors (4096K)
 Metaspace       used 112275K, committed 113152K, reserved 1179648K
  class space    used 15396K, committed 15808K, reserved 1048576K
}
Event: 37.278 GC heap after
{Heap after GC invocations=60 (full 0):
 garbage-first heap   total 307200K, used 193640K [0x0000000080000000, 0x0000000100000000)
  region size 1024K, 5 young (5120K), 5 survivors (5120K)
 Metaspace       used 112275K, committed 113152K, reserved 1179648K
  class space    used 15396K, committed 15808K, reserved 1048576K
}
Event: 38.204 GC heap before
{Heap before GC invocations=61 (full 0):
 garbage-first heap   total 343040K, used 258152K [0x0000000080000000, 0x0000000100000000)
  region size 1024K, 64 young (65536K), 5 survivors (5120K)
 Metaspace       used 114075K, committed 114944K, reserved 1179648K
  class space    used 15525K, committed 15936K, reserved 1048576K
}
Event: 38.217 GC heap after
{Heap after GC invocations=62 (full 0):
 garbage-first heap   total 343040K, used 198563K [0x0000000080000000, 0x0000000100000000)
  region size 1024K, 8 young (8192K), 8 survivors (8192K)
 Metaspace       used 114075K, committed 114944K, reserved 1179648K
  class space    used 15525K, committed 15936K, reserved 1048576K
}
Event: 38.360 GC heap before
{Heap before GC invocations=62 (full 0):
 garbage-first heap   total 343040K, used 205731K [0x0000000080000000, 0x0000000100000000)
  region size 1024K, 16 young (16384K), 8 survivors (8192K)
 Metaspace       used 114324K, committed 115136K, reserved 1179648K
  class space    used 15559K, committed 15936K, reserved 1048576K
}
Event: 38.381 GC heap after
{Heap after GC invocations=63 (full 0):
 garbage-first heap   total 343040K, used 199395K [0x0000000080000000, 0x0000000100000000)
  region size 1024K, 2 young (2048K), 2 survivors (2048K)
 Metaspace       used 114324K, committed 115136K, reserved 1179648K
  class space    used 15559K, committed 15936K, reserved 1048576K
}
Event: 56.607 GC heap before
{Heap before GC invocations=63 (full 0):
 garbage-first heap   total 343040K, used 286435K [0x0000000080000000, 0x0000000100000000)
  region size 1024K, 87 young (89088K), 2 survivors (2048K)
 Metaspace       used 119537K, committed 120576K, reserved 1179648K
  class space    used 16182K, committed 16640K, reserved 1048576K
}
Event: 56.631 GC heap after
{Heap after GC invocations=64 (full 0):
 garbage-first heap   total 343040K, used 205294K [0x0000000080000000, 0x0000000100000000)
  region size 1024K, 8 young (8192K), 8 survivors (8192K)
 Metaspace       used 119537K, committed 120576K, reserved 1179648K
  class space    used 16182K, committed 16640K, reserved 1048576K
}
Event: 106.504 GC heap before
{Heap before GC invocations=64 (full 0):
 garbage-first heap   total 343040K, used 284142K [0x0000000080000000, 0x0000000100000000)
  region size 1024K, 85 young (87040K), 8 survivors (8192K)
 Metaspace       used 123117K, committed 124288K, reserved 1179648K
  class space    used 16652K, committed 17216K, reserved 1048576K
}
Event: 106.658 GC heap after
{Heap after GC invocations=65 (full 0):
 garbage-first heap   total 343040K, used 210769K [0x0000000080000000, 0x0000000100000000)
  region size 1024K, 6 young (6144K), 6 survivors (6144K)
 Metaspace       used 123117K, committed 124288K, reserved 1179648K
  class space    used 16652K, committed 17216K, reserved 1048576K
}
Event: 109.421 GC heap before
{Heap before GC invocations=65 (full 0):
 garbage-first heap   total 343040K, used 282449K [0x0000000080000000, 0x0000000100000000)
  region size 1024K, 78 young (79872K), 6 survivors (6144K)
 Metaspace       used 130765K, committed 131968K, reserved 1179648K
  class space    used 18072K, committed 18688K, reserved 1048576K
}
Event: 109.450 GC heap after
{Heap after GC invocations=66 (full 0):
 garbage-first heap   total 343040K, used 215273K [0x0000000080000000, 0x0000000100000000)
  region size 1024K, 5 young (5120K), 5 survivors (5120K)
 Metaspace       used 130765K, committed 131968K, reserved 1179648K
  class space    used 18072K, committed 18688K, reserved 1048576K
}
Event: 110.899 GC heap before
{Heap before GC invocations=67 (full 0):
 garbage-first heap   total 393216K, used 296169K [0x0000000080000000, 0x0000000100000000)
  region size 1024K, 73 young (74752K), 5 survivors (5120K)
 Metaspace       used 136266K, committed 137536K, reserved 1179648K
  class space    used 18781K, committed 19392K, reserved 1048576K
}
Event: 110.928 GC heap after
{Heap after GC invocations=68 (full 0):
 garbage-first heap   total 393216K, used 235909K [0x0000000080000000, 0x0000000100000000)
  region size 1024K, 10 young (10240K), 10 survivors (10240K)
 Metaspace       used 136266K, committed 137536K, reserved 1179648K
  class space    used 18781K, committed 19392K, reserved 1048576K
}
Event: 111.083 GC heap before
{Heap before GC invocations=68 (full 0):
 garbage-first heap   total 393216K, used 245125K [0x0000000080000000, 0x0000000100000000)
  region size 1024K, 19 young (19456K), 10 survivors (10240K)
 Metaspace       used 136282K, committed 137536K, reserved 1179648K
  class space    used 18781K, committed 19392K, reserved 1048576K
}
Event: 111.110 GC heap after
{Heap after GC invocations=69 (full 0):
 garbage-first heap   total 393216K, used 231062K [0x0000000080000000, 0x0000000100000000)
  region size 1024K, 3 young (3072K), 3 survivors (3072K)
 Metaspace       used 136282K, committed 137536K, reserved 1179648K
  class space    used 18781K, committed 19392K, reserved 1048576K
}
Event: 112.637 GC heap before
{Heap before GC invocations=69 (full 0):
 garbage-first heap   total 393216K, used 334486K [0x0000000080000000, 0x0000000100000000)
  region size 1024K, 97 young (99328K), 3 survivors (3072K)
 Metaspace       used 140792K, committed 142016K, reserved 1179648K
  class space    used 19288K, committed 19904K, reserved 1048576K
}

