# JRE version: OpenJDK Runtime Environment (17.0.7) (build 17.0.7+0-b2043.56-10550314)
# Java VM: OpenJDK 64-Bit Server VM (17.0.7+0-b2043.56-10550314, mixed mode, tiered, compressed oops, compressed class ptrs, g1 gc, windows-amd64)
GC Precious Log:
 CPUs: 12 total, 12 available
 Memory: 7967M
 Large Page Support: Disabled
 NUMA Support: Disabled
 Compressed Oops: Enabled (32-bit)
 Heap Region Size: 1M
 Heap Min Capacity: 8M
 Heap Initial Capacity: 126M
 Heap Max Capacity: 2G
 Pre-touch: Disabled
 Parallel Workers: 10
 Concurrent Workers: 3
 Concurrent Refinement Workers: 10
 Periodic GC: Disabled
Heap:
 garbage-first heap   total 270336K, used 164838K [0x0000000080000000, 0x0000000100000000)
  region size 1024K, 4 young (4096K), 4 survivors (4096K)
 Metaspace       used 110017K, committed 110784K, reserved 1179648K
  class space    used 14837K, committed 15168K, reserved 1048576K
GC Heap History (20 events):
Event: 15.318 GC heap after
{Heap after GC invocations=53 (full 0):
 garbage-first heap   total 221184K, used 109232K [0x0000000080000000, 0x0000000100000000)
  region size 1024K, 6 young (6144K), 6 survivors (6144K)
 Metaspace       used 78781K, committed 79488K, reserved 1179648K
  class space    used 10704K, committed 11008K, reserved 1048576K
}
Event: 16.391 GC heap before
{Heap before GC invocations=53 (full 0):
 garbage-first heap   total 221184K, used 172720K [0x0000000080000000, 0x0000000100000000)
  region size 1024K, 68 young (69632K), 6 survivors (6144K)
 Metaspace       used 84515K, committed 85248K, reserved 1179648K
  class space    used 11444K, committed 11776K, reserved 1048576K
}
Event: 16.401 GC heap after
{Heap after GC invocations=54 (full 0):
 garbage-first heap   total 221184K, used 112671K [0x0000000080000000, 0x0000000100000000)
  region size 1024K, 8 young (8192K), 8 survivors (8192K)
 Metaspace       used 84515K, committed 85248K, reserved 1179648K
  class space    used 11444K, committed 11776K, reserved 1048576K
}
Event: 17.482 GC heap before
{Heap before GC invocations=55 (full 0):
 garbage-first heap   total 221184K, used 187423K [0x0000000080000000, 0x0000000100000000)
  region size 1024K, 70 young (71680K), 8 survivors (8192K)
 Metaspace       used 93628K, committed 94336K, reserved 1179648K
  class space    used 13052K, committed 13376K, reserved 1048576K
}
Event: 17.492 GC heap after
{Heap after GC invocations=56 (full 0):
 garbage-first heap   total 221184K, used 127388K [0x0000000080000000, 0x0000000100000000)
  region size 1024K, 7 young (7168K), 7 survivors (7168K)
 Metaspace       used 93628K, committed 94336K, reserved 1179648K
  class space    used 13052K, committed 13376K, reserved 1048576K
}
Event: 17.503 GC heap before
{Heap before GC invocations=56 (full 0):
 garbage-first heap   total 221184K, used 130460K [0x0000000080000000, 0x0000000100000000)
  region size 1024K, 10 young (10240K), 7 survivors (7168K)
 Metaspace       used 93628K, committed 94336K, reserved 1179648K
  class space    used 13052K, committed 13376K, reserved 1048576K
}
Event: 17.510 GC heap after
{Heap after GC invocations=57 (full 0):
 garbage-first heap   total 221184K, used 128237K [0x0000000080000000, 0x0000000100000000)
  region size 1024K, 2 young (2048K), 2 survivors (2048K)
 Metaspace       used 93628K, committed 94336K, reserved 1179648K
  class space    used 13052K, committed 13376K, reserved 1048576K
}
Event: 17.965 GC heap before
{Heap before GC invocations=57 (full 0):
 garbage-first heap   total 221184K, used 182509K [0x0000000080000000, 0x0000000100000000)
  region size 1024K, 55 young (56320K), 2 survivors (2048K)
 Metaspace       used 93831K, committed 94656K, reserved 1179648K
  class space    used 13062K, committed 13440K, reserved 1048576K
}
Event: 17.985 GC heap after
{Heap after GC invocations=58 (full 0):
 garbage-first heap   total 221184K, used 139264K [0x0000000080000000, 0x0000000100000000)
  region size 1024K, 7 young (7168K), 7 survivors (7168K)
 Metaspace       used 93831K, committed 94656K, reserved 1179648K
  class space    used 13062K, committed 13440K, reserved 1048576K
}
Event: 18.496 GC heap before
{Heap before GC invocations=59 (full 0):
 garbage-first heap   total 256000K, used 176128K [0x0000000080000000, 0x0000000100000000)
  region size 1024K, 43 young (44032K), 7 survivors (7168K)
 Metaspace       used 94511K, committed 95232K, reserved 1179648K
  class space    used 13159K, committed 13504K, reserved 1048576K
}
Event: 18.511 GC heap after
{Heap after GC invocations=60 (full 0):
 garbage-first heap   total 256000K, used 147456K [0x0000000080000000, 0x0000000100000000)
  region size 1024K, 6 young (6144K), 6 survivors (6144K)
 Metaspace       used 94511K, committed 95232K, reserved 1179648K
  class space    used 13159K, committed 13504K, reserved 1048576K
}
Event: 18.653 GC heap before
{Heap before GC invocations=60 (full 0):
 garbage-first heap   total 256000K, used 153600K [0x0000000080000000, 0x0000000100000000)
  region size 1024K, 12 young (12288K), 6 survivors (6144K)
 Metaspace       used 95250K, committed 96000K, reserved 1179648K
  class space    used 13263K, committed 13632K, reserved 1048576K
}
Event: 18.660 GC heap after
{Heap after GC invocations=61 (full 0):
 garbage-first heap   total 256000K, used 148988K [0x0000000080000000, 0x0000000100000000)
  region size 1024K, 1 young (1024K), 1 survivors (1024K)
 Metaspace       used 95250K, committed 96000K, reserved 1179648K
  class space    used 13263K, committed 13632K, reserved 1048576K
}
Event: 18.981 GC heap before
{Heap before GC invocations=61 (full 0):
 garbage-first heap   total 256000K, used 170492K [0x0000000080000000, 0x0000000100000000)
  region size 1024K, 23 young (23552K), 1 survivors (1024K)
 Metaspace       used 97960K, committed 98688K, reserved 1179648K
  class space    used 13563K, committed 13888K, reserved 1048576K
}
Event: 18.984 GC heap after
{Heap after GC invocations=62 (full 0):
 garbage-first heap   total 256000K, used 150012K [0x0000000080000000, 0x0000000100000000)
  region size 1024K, 2 young (2048K), 2 survivors (2048K)
 Metaspace       used 97960K, committed 98688K, reserved 1179648K
  class space    used 13563K, committed 13888K, reserved 1048576K
}
Event: 19.670 GC heap before
{Heap before GC invocations=63 (full 0):
 garbage-first heap   total 270336K, used 211452K [0x0000000080000000, 0x0000000100000000)
  region size 1024K, 55 young (56320K), 2 survivors (2048K)
 Metaspace       used 102635K, committed 103360K, reserved 1179648K
  class space    used 13995K, committed 14336K, reserved 1048576K
}
Event: 19.677 GC heap after
{Heap after GC invocations=64 (full 0):
 garbage-first heap   total 270336K, used 162336K [0x0000000080000000, 0x0000000100000000)
  region size 1024K, 7 young (7168K), 7 survivors (7168K)
 Metaspace       used 102635K, committed 103360K, reserved 1179648K
  class space    used 13995K, committed 14336K, reserved 1048576K
}
Event: 19.754 GC heap before
{Heap before GC invocations=64 (full 0):
 garbage-first heap   total 270336K, used 168480K [0x0000000080000000, 0x0000000100000000)
  region size 1024K, 13 young (13312K), 7 survivors (7168K)
 Metaspace       used 103570K, committed 104384K, reserved 1179648K
  class space    used 14061K, committed 14400K, reserved 1048576K
}
Event: 19.760 GC heap after
{Heap after GC invocations=65 (full 0):
 garbage-first heap   total 270336K, used 162693K [0x0000000080000000, 0x0000000100000000)
  region size 1024K, 2 young (2048K), 2 survivors (2048K)
 Metaspace       used 103570K, committed 104384K, reserved 1179648K
  class space    used 14061K, committed 14400K, reserved 1048576K
}
Event: 20.484 GC heap before
{Heap before GC invocations=65 (full 0):
 garbage-first heap   total 270336K, used 217989K [0x0000000080000000, 0x0000000100000000)
  region size 1024K, 56 young (57344K), 2 survivors (2048K)
 Metaspace       used 110017K, committed 110784K, reserved 1179648K
  class space    used 14837K, committed 15168K, reserved 1048576K
}

