# JRE version: OpenJDK Runtime Environment (17.0.7) (build 17.0.7+0-b2043.56-10550314)
# Java VM: OpenJDK 64-Bit Server VM (17.0.7+0-b2043.56-10550314, mixed mode, tiered, compressed oops, compressed class ptrs, g1 gc, windows-amd64)
GC Precious Log:
 CPUs: 12 total, 12 available
 Memory: 7967M
 Large Page Support: Disabled
 NUMA Support: Disabled
 Compressed Oops: Enabled (32-bit)
 Heap Region Size: 1M
 Heap Min Capacity: 8M
 Heap Initial Capacity: 126M
 Heap Max Capacity: 2G
 Pre-touch: Disabled
 Parallel Workers: 10
 Concurrent Workers: 3
 Concurrent Refinement Workers: 10
 Periodic GC: Disabled
Heap:
 garbage-first heap   total 403456K, used 314081K [0x0000000080000000, 0x0000000100000000)
  region size 1024K, 71 young (72704K), 11 survivors (11264K)
 Metaspace       used 171848K, committed 172800K, reserved 1245184K
  class space    used 22567K, committed 22976K, reserved 1048576K
GC Heap History (20 events):
Event: 28.416 GC heap before
{Heap before GC invocations=58 (full 0):
 garbage-first heap   total 403456K, used 219160K [0x0000000080000000, 0x0000000100000000)
  region size 1024K, 28 young (28672K), 9 survivors (9216K)
 Metaspace       used 147374K, committed 148160K, reserved 1179648K
  class space    used 19486K, committed 19840K, reserved 1048576K
}
Event: 28.426 GC heap after
{Heap after GC invocations=59 (full 0):
 garbage-first heap   total 403456K, used 204364K [0x0000000080000000, 0x0000000100000000)
  region size 1024K, 12 young (12288K), 12 survivors (12288K)
 Metaspace       used 147374K, committed 148160K, reserved 1179648K
  class space    used 19486K, committed 19840K, reserved 1048576K
}
Event: 29.473 GC heap before
{Heap before GC invocations=60 (full 0):
 garbage-first heap   total 403456K, used 290380K [0x0000000080000000, 0x0000000100000000)
  region size 1024K, 92 young (94208K), 12 survivors (12288K)
 Metaspace       used 150468K, committed 151296K, reserved 1179648K
  class space    used 19958K, committed 20352K, reserved 1048576K
}
Event: 29.493 GC heap after
{Heap after GC invocations=61 (full 0):
 garbage-first heap   total 403456K, used 220512K [0x0000000080000000, 0x0000000100000000)
  region size 1024K, 12 young (12288K), 12 survivors (12288K)
 Metaspace       used 150468K, committed 151296K, reserved 1179648K
  class space    used 19958K, committed 20352K, reserved 1048576K
}
Event: 29.519 GC heap before
{Heap before GC invocations=61 (full 0):
 garbage-first heap   total 403456K, used 227680K [0x0000000080000000, 0x0000000100000000)
  region size 1024K, 19 young (19456K), 12 survivors (12288K)
 Metaspace       used 150469K, committed 151296K, reserved 1179648K
  class space    used 19958K, committed 20352K, reserved 1048576K
}
Event: 29.536 GC heap after
{Heap after GC invocations=62 (full 0):
 garbage-first heap   total 403456K, used 221452K [0x0000000080000000, 0x0000000100000000)
  region size 1024K, 3 young (3072K), 3 survivors (3072K)
 Metaspace       used 150469K, committed 151296K, reserved 1179648K
  class space    used 19958K, committed 20352K, reserved 1048576K
}
Event: 30.855 GC heap before
{Heap before GC invocations=62 (full 0):
 garbage-first heap   total 403456K, used 298252K [0x0000000080000000, 0x0000000100000000)
  region size 1024K, 78 young (79872K), 3 survivors (3072K)
 Metaspace       used 150489K, committed 151296K, reserved 1179648K
  class space    used 19958K, committed 20352K, reserved 1048576K
}
Event: 30.868 GC heap after
{Heap after GC invocations=63 (full 0):
 garbage-first heap   total 403456K, used 230223K [0x0000000080000000, 0x0000000100000000)
  region size 1024K, 10 young (10240K), 10 survivors (10240K)
 Metaspace       used 150489K, committed 151296K, reserved 1179648K
  class space    used 19958K, committed 20352K, reserved 1048576K
}
Event: 32.652 GC heap before
{Heap before GC invocations=64 (full 0):
 garbage-first heap   total 403456K, used 304975K [0x0000000080000000, 0x0000000100000000)
  region size 1024K, 85 young (87040K), 10 survivors (10240K)
 Metaspace       used 150493K, committed 151296K, reserved 1179648K
  class space    used 19959K, committed 20352K, reserved 1048576K
}
Event: 32.666 GC heap after
{Heap after GC invocations=65 (full 0):
 garbage-first heap   total 403456K, used 232711K [0x0000000080000000, 0x0000000100000000)
  region size 1024K, 5 young (5120K), 5 survivors (5120K)
 Metaspace       used 150493K, committed 151296K, reserved 1179648K
  class space    used 19959K, committed 20352K, reserved 1048576K
}
Event: 33.052 GC heap before
{Heap before GC invocations=65 (full 0):
 garbage-first heap   total 403456K, used 246023K [0x0000000080000000, 0x0000000100000000)
  region size 1024K, 19 young (19456K), 5 survivors (5120K)
 Metaspace       used 150493K, committed 151296K, reserved 1179648K
  class space    used 19959K, committed 20352K, reserved 1048576K
}
Event: 33.056 GC heap after
{Heap after GC invocations=66 (full 0):
 garbage-first heap   total 403456K, used 229080K [0x0000000080000000, 0x0000000100000000)
  region size 1024K, 2 young (2048K), 2 survivors (2048K)
 Metaspace       used 150493K, committed 151296K, reserved 1179648K
  class space    used 19959K, committed 20352K, reserved 1048576K
}
Event: 34.340 GC heap before
{Heap before GC invocations=66 (full 0):
 garbage-first heap   total 403456K, used 312024K [0x0000000080000000, 0x0000000100000000)
  region size 1024K, 83 young (84992K), 2 survivors (2048K)
 Metaspace       used 150493K, committed 151296K, reserved 1179648K
  class space    used 19959K, committed 20352K, reserved 1048576K
}
Event: 34.345 GC heap after
{Heap after GC invocations=67 (full 0):
 garbage-first heap   total 403456K, used 232610K [0x0000000080000000, 0x0000000100000000)
  region size 1024K, 5 young (5120K), 5 survivors (5120K)
 Metaspace       used 150493K, committed 151296K, reserved 1179648K
  class space    used 19959K, committed 20352K, reserved 1048576K
}
Event: 35.664 GC heap before
{Heap before GC invocations=67 (full 0):
 garbage-first heap   total 403456K, used 336034K [0x0000000080000000, 0x0000000100000000)
  region size 1024K, 89 young (91136K), 5 survivors (5120K)
 Metaspace       used 153673K, committed 154560K, reserved 1245184K
  class space    used 20292K, committed 20672K, reserved 1048576K
}
Event: 35.679 GC heap after
{Heap after GC invocations=68 (full 0):
 garbage-first heap   total 403456K, used 241945K [0x0000000080000000, 0x0000000100000000)
  region size 1024K, 12 young (12288K), 12 survivors (12288K)
 Metaspace       used 153673K, committed 154560K, reserved 1245184K
  class space    used 20292K, committed 20672K, reserved 1048576K
}
Event: 37.123 GC heap before
{Heap before GC invocations=68 (full 0):
 garbage-first heap   total 403456K, used 327961K [0x0000000080000000, 0x0000000100000000)
  region size 1024K, 92 young (94208K), 12 survivors (12288K)
 Metaspace       used 162122K, committed 163072K, reserved 1245184K
  class space    used 21379K, committed 21824K, reserved 1048576K
}
Event: 37.137 GC heap after
{Heap after GC invocations=69 (full 0):
 garbage-first heap   total 403456K, used 246706K [0x0000000080000000, 0x0000000100000000)
  region size 1024K, 5 young (5120K), 5 survivors (5120K)
 Metaspace       used 162122K, committed 163072K, reserved 1245184K
  class space    used 21379K, committed 21824K, reserved 1048576K
}
Event: 40.163 GC heap before
{Heap before GC invocations=69 (full 0):
 garbage-first heap   total 403456K, used 328626K [0x0000000080000000, 0x0000000100000000)
  region size 1024K, 86 young (88064K), 5 survivors (5120K)
 Metaspace       used 169716K, committed 170624K, reserved 1245184K
  class space    used 22317K, committed 22720K, reserved 1048576K
}
Event: 40.179 GC heap after
{Heap after GC invocations=70 (full 0):
 garbage-first heap   total 403456K, used 253665K [0x0000000080000000, 0x0000000100000000)
  region size 1024K, 11 young (11264K), 11 survivors (11264K)
 Metaspace       used 169716K, committed 170624K, reserved 1245184K
  class space    used 22317K, committed 22720K, reserved 1048576K
}

