# JRE version: OpenJDK Runtime Environment (17.0.7) (build 17.0.7+0-b2043.56-10550314)
# Java VM: OpenJDK 64-Bit Server VM (17.0.7+0-b2043.56-10550314, mixed mode, tiered, compressed oops, compressed class ptrs, g1 gc, windows-amd64)
GC Precious Log:
 CPUs: 12 total, 12 available
 Memory: 7967M
 Large Page Support: Disabled
 NUMA Support: Disabled
 Compressed Oops: Enabled (32-bit)
 Heap Region Size: 1M
 Heap Min Capacity: 8M
 Heap Initial Capacity: 126M
 Heap Max Capacity: 2G
 Pre-touch: Disabled
 Parallel Workers: 10
 Concurrent Workers: 3
 Concurrent Refinement Workers: 10
 Periodic GC: Disabled
Heap:
 garbage-first heap   total 448512K, used 381613K [0x0000000080000000, 0x0000000100000000)
  region size 1024K, 133 young (136192K), 8 survivors (8192K)
 Metaspace       used 154026K, committed 154880K, reserved 1245184K
  class space    used 20322K, committed 20736K, reserved 1048576K
GC Heap History (20 events):
Event: 16.729 GC heap before
{Heap before GC invocations=57 (full 0):
 garbage-first heap   total 203776K, used 166108K [0x0000000080000000, 0x0000000100000000)
  region size 1024K, 40 young (40960K), 2 survivors (2048K)
 Metaspace       used 93693K, committed 94400K, reserved 1179648K
  class space    used 13050K, committed 13376K, reserved 1048576K
}
Event: 16.742 GC heap after
{Heap after GC invocations=58 (full 0):
 garbage-first heap   total 203776K, used 138845K [0x0000000080000000, 0x0000000100000000)
  region size 1024K, 5 young (5120K), 5 survivors (5120K)
 Metaspace       used 93693K, committed 94400K, reserved 1179648K
  class space    used 13050K, committed 13376K, reserved 1048576K
}
Event: 17.125 GC heap before
{Heap before GC invocations=58 (full 0):
 garbage-first heap   total 203776K, used 166493K [0x0000000080000000, 0x0000000100000000)
  region size 1024K, 32 young (32768K), 5 survivors (5120K)
 Metaspace       used 94192K, committed 94976K, reserved 1179648K
  class space    used 13099K, committed 13440K, reserved 1048576K
}
Event: 17.138 GC heap after
{Heap after GC invocations=59 (full 0):
 garbage-first heap   total 203776K, used 145333K [0x0000000080000000, 0x0000000100000000)
  region size 1024K, 4 young (4096K), 4 survivors (4096K)
 Metaspace       used 94192K, committed 94976K, reserved 1179648K
  class space    used 13099K, committed 13440K, reserved 1048576K
}
Event: 17.527 GC heap before
{Heap before GC invocations=59 (full 0):
 garbage-first heap   total 203776K, used 167861K [0x0000000080000000, 0x0000000100000000)
  region size 1024K, 27 young (27648K), 4 survivors (4096K)
 Metaspace       used 97146K, committed 97920K, reserved 1179648K
  class space    used 13456K, committed 13824K, reserved 1048576K
}
Event: 17.532 GC heap after
{Heap after GC invocations=60 (full 0):
 garbage-first heap   total 203776K, used 147342K [0x0000000080000000, 0x0000000100000000)
  region size 1024K, 2 young (2048K), 2 survivors (2048K)
 Metaspace       used 97146K, committed 97920K, reserved 1179648K
  class space    used 13456K, committed 13824K, reserved 1048576K
}
Event: 17.862 GC heap before
{Heap before GC invocations=61 (full 0):
 garbage-first heap   total 256000K, used 177038K [0x0000000080000000, 0x0000000100000000)
  region size 1024K, 24 young (24576K), 2 survivors (2048K)
 Metaspace       used 98251K, committed 99008K, reserved 1179648K
  class space    used 13561K, committed 13888K, reserved 1048576K
}
Event: 17.875 GC heap after
{Heap after GC invocations=62 (full 0):
 garbage-first heap   total 256000K, used 157423K [0x0000000080000000, 0x0000000100000000)
  region size 1024K, 3 young (3072K), 3 survivors (3072K)
 Metaspace       used 98251K, committed 99008K, reserved 1179648K
  class space    used 13561K, committed 13888K, reserved 1048576K
}
Event: 18.026 GC heap before
{Heap before GC invocations=62 (full 0):
 garbage-first heap   total 256000K, used 166639K [0x0000000080000000, 0x0000000100000000)
  region size 1024K, 12 young (12288K), 3 survivors (3072K)
 Metaspace       used 99202K, committed 99968K, reserved 1179648K
  class space    used 13671K, committed 14016K, reserved 1048576K
}
Event: 18.033 GC heap after
{Heap after GC invocations=63 (full 0):
 garbage-first heap   total 448512K, used 157762K [0x0000000080000000, 0x0000000100000000)
  region size 1024K, 1 young (1024K), 1 survivors (1024K)
 Metaspace       used 99202K, committed 99968K, reserved 1179648K
  class space    used 13671K, committed 14016K, reserved 1048576K
}
Event: 21.020 GC heap before
{Heap before GC invocations=63 (full 0):
 garbage-first heap   total 448512K, used 333890K [0x0000000080000000, 0x0000000100000000)
  region size 1024K, 172 young (176128K), 1 survivors (1024K)
 Metaspace       used 114667K, committed 115456K, reserved 1179648K
  class space    used 15384K, committed 15744K, reserved 1048576K
}
Event: 21.036 GC heap after
{Heap after GC invocations=64 (full 0):
 garbage-first heap   total 448512K, used 167773K [0x0000000080000000, 0x0000000100000000)
  region size 1024K, 11 young (11264K), 11 survivors (11264K)
 Metaspace       used 114667K, committed 115456K, reserved 1179648K
  class space    used 15384K, committed 15744K, reserved 1048576K
}
Event: 24.884 GC heap before
{Heap before GC invocations=64 (full 0):
 garbage-first heap   total 448512K, used 355165K [0x0000000080000000, 0x0000000100000000)
  region size 1024K, 194 young (198656K), 11 survivors (11264K)
 Metaspace       used 132235K, committed 132992K, reserved 1179648K
  class space    used 17277K, committed 17600K, reserved 1048576K
}
Event: 24.903 GC heap after
{Heap after GC invocations=65 (full 0):
 garbage-first heap   total 448512K, used 179337K [0x0000000080000000, 0x0000000100000000)
  region size 1024K, 22 young (22528K), 22 survivors (22528K)
 Metaspace       used 132235K, committed 132992K, reserved 1179648K
  class space    used 17277K, committed 17600K, reserved 1048576K
}
Event: 29.692 GC heap before
{Heap before GC invocations=65 (full 0):
 garbage-first heap   total 448512K, used 380041K [0x0000000080000000, 0x0000000100000000)
  region size 1024K, 197 young (201728K), 22 survivors (22528K)
 Metaspace       used 147505K, committed 148288K, reserved 1179648K
  class space    used 19548K, committed 19904K, reserved 1048576K
}
Event: 29.929 GC heap after
{Heap after GC invocations=66 (full 0):
 garbage-first heap   total 448512K, used 204769K [0x0000000080000000, 0x0000000100000000)
  region size 1024K, 23 young (23552K), 23 survivors (23552K)
 Metaspace       used 147505K, committed 148288K, reserved 1179648K
  class space    used 19548K, committed 19904K, reserved 1048576K
}
Event: 33.290 GC heap before
{Heap before GC invocations=66 (full 0):
 garbage-first heap   total 448512K, used 370657K [0x0000000080000000, 0x0000000100000000)
  region size 1024K, 182 young (186368K), 23 survivors (23552K)
 Metaspace       used 150335K, committed 151168K, reserved 1245184K
  class space    used 19911K, committed 20288K, reserved 1048576K
}
Event: 33.341 GC heap after
{Heap after GC invocations=67 (full 0):
 garbage-first heap   total 448512K, used 227187K [0x0000000080000000, 0x0000000100000000)
  region size 1024K, 23 young (23552K), 23 survivors (23552K)
 Metaspace       used 150335K, committed 151168K, reserved 1245184K
  class space    used 19911K, committed 20288K, reserved 1048576K
}
Event: 36.755 GC heap before
{Heap before GC invocations=67 (full 0):
 garbage-first heap   total 448512K, used 360307K [0x0000000080000000, 0x0000000100000000)
  region size 1024K, 153 young (156672K), 23 survivors (23552K)
 Metaspace       used 150336K, committed 151232K, reserved 1245184K
  class space    used 19911K, committed 20288K, reserved 1048576K
}
Event: 36.781 GC heap after
{Heap after GC invocations=68 (full 0):
 garbage-first heap   total 448512K, used 237229K [0x0000000080000000, 0x0000000100000000)
  region size 1024K, 8 young (8192K), 8 survivors (8192K)
 Metaspace       used 150336K, committed 151232K, reserved 1245184K
  class space    used 19911K, committed 20288K, reserved 1048576K
}

